<?xml version="1.0" encoding="UTF-8"?>
<!-- Generated by org.testng.reporters.JUnitReportReporter -->
<testsuite hostname="ROHITH-N" failures="0" tests="1" name="runners.TestRunner" time="17.771" errors="0" timestamp="2023-09-09T23:30:28 IST" skipped="0">
  <testcase classname="runners.TestRunner" name="runScenario" time="17.771"/>
  <system-out/>
</testsuite> <!-- runners.TestRunner -->
