<?xml version="1.0" encoding="UTF-8"?>
<!-- Generated by org.testng.reporters.JUnitReportReporter -->
<testsuite hostname="ROHITH-N" failures="0" tests="1" name="testScripts.MainTest" time="84.928" errors="0" timestamp="2023-07-21T16:06:59 IST" skipped="0">
  <testcase classname="testScripts.MainTest" name="bookBus" time="84.928"/>
</testsuite> <!-- testScripts.MainTest -->
