<?xml version="1.0" encoding="UTF-8"?>
<!-- Generated by org.testng.reporters.JUnitReportReporter -->
<testsuite hostname="ROHITH-N" failures="0" tests="3" name="com.simplilearn.APISportyshoes.SportShoesAPITest" time="3.236" errors="0" timestamp="2023-08-24T11:39:31 IST" skipped="0">
  <testcase classname="com.simplilearn.APISportyshoes.SportShoesAPITest" name="getProducts" time="3.023"/>
  <system-out/>
  <testcase classname="com.simplilearn.APISportyshoes.SportShoesAPITest" name="getRegisteredUsers" time="0.075"/>
  <system-out/>
  <testcase classname="com.simplilearn.APISportyshoes.SportShoesAPITest" name="postRequest" time="0.138"/>
  <system-out/>
</testsuite> <!-- com.simplilearn.APISportyshoes.SportShoesAPITest -->
