<?xml version="1.0" encoding="UTF-8"?>
<!-- Generated by org.testng.reporters.JUnitReportReporter -->
<testsuite hostname="ROHITH-N" failures="0" tests="1" name="com.simplilearn.SportyShoes.LaunchTest" time="4.207" errors="0" timestamp="2023-08-24T11:30:54 IST" skipped="0">
  <testcase classname="com.simplilearn.SportyShoes.LaunchTest" name="LaunchTest" time="4.207"/>
</testsuite> <!-- com.simplilearn.SportyShoes.LaunchTest -->
