<?xml version="1.0" encoding="UTF-8"?>
<!-- Generated by org.testng.reporters.JUnitReportReporter -->
<testsuite hostname="ROHITH-N" failures="0" tests="1" name="in.amazon.testscripts.AutoCompleteBoxTest" time="13.422" errors="0" timestamp="2023-07-31T11:03:42 IST" skipped="0">
  <testcase classname="in.amazon.testscripts.AutoCompleteBoxTest" name="selectItem" time="13.422"/>
</testsuite> <!-- in.amazon.testscripts.AutoCompleteBoxTest -->
