<?xml version="1.0" encoding="UTF-8"?>
<!-- Generated by org.testng.reporters.JUnitReportReporter -->
<testsuite hostname="ROHITH-N" failures="0" tests="1" name="in.amazon.testscripts.BuyMobileTest" time="58.042" errors="0" timestamp="2023-07-18T09:47:57 IST" skipped="0">
  <testcase classname="in.amazon.testscripts.BuyMobileTest" name="BuyMobile" time="58.042"/>
</testsuite> <!-- in.amazon.testscripts.BuyMobileTest -->
