<?xml version="1.0" encoding="UTF-8"?>
<!-- Generated by org.testng.reporters.JUnitReportReporter -->
<testsuite hostname="ROHITH-N" failures="0" tests="1" name="in.amazon.testscripts.VerifySignIn" time="4.055" errors="0" timestamp="2023-07-18T13:12:15 IST" skipped="0">
  <testcase classname="in.amazon.testscripts.VerifySignIn" name="verifySignIn" time="4.055"/>
</testsuite> <!-- in.amazon.testscripts.VerifySignIn -->
