<?xml version="1.0" encoding="UTF-8"?>
<!-- Generated by org.testng.reporters.JUnitReportReporter -->
<testsuite hostname="ROHITH-N" failures="0" tests="2" name="in.amazon.teststeps.TestRunner" time="69.199" errors="0" timestamp="2023-07-28T12:35:18 IST" skipped="0">
  <testcase classname="in.amazon.teststeps.TestRunner" name="runScenario" time="19.314"/>
  <system-out/>
  <testcase classname="in.amazon.teststeps.TestRunner" name="runScenario" time="49.885"/>
  <system-out/>
</testsuite> <!-- in.amazon.teststeps.TestRunner -->
