<?xml version="1.0" encoding="UTF-8"?>
<!-- Generated by org.testng.reporters.JUnitReportReporter -->
<testsuite hostname="ROHITH-N" failures="0" tests="1" name="in.amazon.teststeps.TestRunner" time="95.251" errors="0" timestamp="2023-07-31T15:38:19 IST" skipped="0">
  <testcase classname="in.amazon.teststeps.TestRunner" name="runScenario" time="95.251"/>
</testsuite> <!-- in.amazon.teststeps.TestRunner -->
