<?xml version="1.0" encoding="UTF-8"?>
<!-- Generated by org.testng.reporters.JUnitReportReporter -->
<testsuite hostname="ROHITH-N" failures="0" tests="1" name="com.sauce.SauceDemo.MainTest" time="3.355" errors="0" timestamp="2023-07-25T15:44:25 IST" skipped="0">
  <testcase classname="com.sauce.SauceDemo.MainTest" name="buyProduct" time="3.355"/>
</testsuite> <!-- com.sauce.SauceDemo.MainTest -->
