<?xml version="1.0" encoding="UTF-8"?>
<!-- Generated by org.testng.reporters.JUnitReportReporter -->
<testsuite hostname="ROHITH-N" failures="0" tests="1" name="swiggy_teststeps.TestRunner" time="36.969" errors="0" timestamp="2023-08-01T12:36:53 IST" skipped="0">
  <testcase classname="swiggy_teststeps.TestRunner" name="runScenario" time="36.969"/>
  <system-out/>
</testsuite> <!-- swiggy_teststeps.TestRunner -->
