<?xml version="1.0" encoding="UTF-8"?>
<!-- Generated by org.testng.reporters.JUnitReportReporter -->
<testsuite hostname="ROHITH-N" failures="0" tests="1" name="runners.TestRunner" time="21.540" errors="0" timestamp="2023-09-09T23:47:05 IST" skipped="0">
  <testcase classname="runners.TestRunner" name="runScenario" time="21.540"/>
  <system-out/>
</testsuite> <!-- runners.TestRunner -->
