<?xml version="1.0" encoding="UTF-8"?>
<!-- Generated by org.testng.reporters.JUnitReportReporter -->
<testsuite hostname="ROHITH-N" failures="0" tests="1" name="runners.TestRunner_Login" time="19.528" errors="0" timestamp="2023-09-10T00:02:18 IST" skipped="0">
  <testcase classname="runners.TestRunner_Login" name="runScenario" time="19.528"/>
  <system-out/>
</testsuite> <!-- runners.TestRunner_Login -->
