<?xml version="1.0" encoding="UTF-8"?>
<!-- Generated by org.testng.reporters.JUnitReportReporter -->
<testsuite hostname="ROHITH-N" failures="0" tests="1" name="com.tricentis.CucumberWebShop.AppTest" time="0.017" errors="0" timestamp="2023-09-10T00:01:57 IST" skipped="0">
  <testcase classname="com.tricentis.CucumberWebShop.AppTest" name="shouldAnswerWithTrue" time="0.017"/>
  <system-out/>
</testsuite> <!-- com.tricentis.CucumberWebShop.AppTest -->
