<?xml version="1.0" encoding="UTF-8"?>
<!-- Generated by org.testng.reporters.JUnitReportReporter -->
<testsuite hostname="ROHITH-N" failures="0" tests="1" name="testngdemo.Amazon" time="39.261" errors="0" timestamp="2023-07-13T15:17:37 IST" skipped="0">
  <testcase classname="testngdemo.Amazon" name="SigninVerification" time="39.261"/>
</testsuite> <!-- testngdemo.Amazon -->
