<?xml version="1.0" encoding="UTF-8"?>
<!-- Generated by org.testng.reporters.JUnitReportReporter -->
<testsuite hostname="ROHITH-N" failures="0" tests="5" name="testngdemo.Cars" time="0.018" errors="0" timestamp="2023-07-13T14:50:54 IST" skipped="0">
  <testcase classname="testngdemo.Cars" name="Car4" time="0.010"/>
  <testcase classname="testngdemo.Cars" name="Car2" time="0.001"/>
  <testcase classname="testngdemo.Cars" name="Car1" time="0.002"/>
  <testcase classname="testngdemo.Cars" name="Car3" time="0.002"/>
  <testcase classname="testngdemo.Cars" name="Car5" time="0.003"/>
</testsuite> <!-- testngdemo.Cars -->
