<?xml version="1.0" encoding="UTF-8"?>
<!-- Generated by org.testng.reporters.JUnitReportReporter -->
<testsuite hostname="ROHITH-N" failures="0" tests="1" name="testngdemo.VerifyTitle" time="0.018" errors="0" timestamp="2023-07-13T14:50:54 IST" skipped="0">
  <testcase classname="testngdemo.VerifyTitle" name="titleVerification" time="0.018"/>
</testsuite> <!-- testngdemo.VerifyTitle -->
