<?xml version="1.0" encoding="UTF-8"?>
<!-- Generated by org.testng.reporters.JUnitReportReporter -->
<testsuite hostname="ROHITH-N" failures="0" tests="1" name="com.simplilearn.mavencicdjenkin.VerifyTitle" time="0.025" errors="0" timestamp="19 Jul 2023 09:42:52 GMT" skipped="0">
  <testcase classname="com.simplilearn.mavencicdjenkin.VerifyTitle" name="titleVerification" time="0.025"/>
</testsuite> <!-- com.simplilearn.mavencicdjenkin.VerifyTitle -->
